\BOOKMARK [1][-]{section.1}{\376\377\000I\000n\000t\000r\000o\000d\000u\000c\000t\000i\000o\000n}{}% 1
\BOOKMARK [1][-]{section.2}{\376\377\000E\000x\000p\000e\000r\000i\000m\000e\000n\000t\000a\000l\000\040\000S\000e\000t\000u\000p\000\040\000a\000n\000d\000\040\000M\000e\000t\000h\000o\000d\000o\000l\000o\000g\000y}{}% 2
\BOOKMARK [2][-]{subsection.2.1}{\376\377\000S\000y\000s\000t\000e\000m\000\040\000U\000n\000d\000e\000r\000\040\000T\000e\000s\000t}{section.2}% 3
\BOOKMARK [2][-]{subsection.2.2}{\376\377\000l\000m\000b\000e\000n\000c\000h\000\040\000B\000e\000n\000c\000h\000m\000a\000r\000k\000\040\000T\000o\000o\000l\000s}{section.2}% 4
\BOOKMARK [2][-]{subsection.2.3}{\376\377\000P\000a\000r\000a\000m\000e\000t\000e\000r\000\040\000S\000p\000a\000c\000e}{section.2}% 5
\BOOKMARK [1][-]{section.3}{\376\377\000C\000o\000n\000t\000e\000x\000t\000\040\000S\000w\000i\000t\000c\000h\000\040\000a\000n\000d\000\040\000S\000c\000h\000e\000d\000u\000l\000i\000n\000g\000\040\000A\000n\000a\000l\000y\000s\000i\000s}{}% 6
\BOOKMARK [2][-]{subsection.3.1}{\376\377\000R\000a\000w\000\040\000M\000e\000a\000s\000u\000r\000e\000m\000e\000n\000t\000s}{section.3}% 7
\BOOKMARK [2][-]{subsection.3.2}{\376\377\000S\000c\000a\000l\000i\000n\000g\000\040\000A\000n\000a\000l\000y\000s\000i\000s}{section.3}% 8
\BOOKMARK [2][-]{subsection.3.3}{\376\377\000M\000u\000l\000t\000i\000c\000o\000r\000e\000\040\000a\000n\000d\000\040\000S\000M\000T\000\040\000E\000f\000f\000e\000c\000t\000s}{section.3}% 9
\BOOKMARK [1][-]{section.4}{\376\377\000M\000e\000m\000o\000r\000y\000\040\000H\000i\000e\000r\000a\000r\000c\000h\000y\000\040\000a\000n\000d\000\040\000M\000i\000c\000r\000o\000a\000r\000c\000h\000i\000t\000e\000c\000t\000u\000r\000e\000\040\000A\000n\000a\000l\000y\000s\000i\000s}{}% 10
\BOOKMARK [2][-]{subsection.4.1}{\376\377\000M\000e\000m\000o\000r\000y\000\040\000L\000a\000t\000e\000n\000c\000y\000\040\000P\000r\000o\000f\000i\000l\000e}{section.4}% 11
\BOOKMARK [2][-]{subsection.4.2}{\376\377\000R\000e\000l\000a\000t\000i\000n\000g\000\040\000M\000e\000m\000o\000r\000y\000\040\000L\000a\000t\000e\000n\000c\000y\000\040\000t\000o\000\040\000C\000o\000n\000t\000e\000x\000t\000\040\000S\000w\000i\000t\000c\000h\000\040\000C\000o\000s\000t}{section.4}% 12
\BOOKMARK [2][-]{subsection.4.3}{\376\377\000I\000c\000e\000\040\000L\000a\000k\000e\000-\000S\000p\000e\000c\000i\000f\000i\000c\000\040\000M\000i\000c\000r\000o\000a\000r\000c\000h\000i\000t\000e\000c\000t\000u\000r\000e\000\040\000O\000b\000s\000e\000r\000v\000a\000t\000i\000o\000n\000s}{section.4}% 13
\BOOKMARK [1][-]{section.5}{\376\377\000S\000y\000s\000t\000e\000m\000\040\000C\000a\000l\000l\000\040\000O\000v\000e\000r\000h\000e\000a\000d}{}% 14
\BOOKMARK [2][-]{subsection.5.1}{\376\377\000A\000n\000a\000l\000y\000s\000i\000s}{section.5}% 15
\BOOKMARK [1][-]{section.6}{\376\377\000S\000i\000g\000n\000a\000l\000\040\000H\000a\000n\000d\000l\000i\000n\000g}{}% 16
\BOOKMARK [2][-]{subsection.6.1}{\376\377\000A\000n\000a\000l\000y\000s\000i\000s}{section.6}% 17
\BOOKMARK [1][-]{section.7}{\376\377\000P\000r\000o\000c\000e\000s\000s\000\040\000C\000r\000e\000a\000t\000i\000o\000n}{}% 18
\BOOKMARK [2][-]{subsection.7.1}{\376\377\000A\000n\000a\000l\000y\000s\000i\000s}{section.7}% 19
\BOOKMARK [1][-]{section.8}{\376\377\000U\000n\000i\000f\000i\000e\000d\000\040\000D\000a\000s\000h\000b\000o\000a\000r\000d\000\040\000a\000n\000d\000\040\000S\000u\000m\000m\000a\000r\000y}{}% 20
\BOOKMARK [1][-]{section.9}{\376\377\000D\000i\000s\000c\000u\000s\000s\000i\000o\000n}{}% 21
\BOOKMARK [2][-]{subsection.9.1}{\376\377\000C\000o\000n\000t\000e\000x\000t\000\040\000S\000w\000i\000t\000c\000h\000\040\000C\000o\000s\000t\000\040\000v\000s\000.\000\040\000S\000c\000h\000e\000d\000u\000l\000i\000n\000g\000\040\000P\000e\000r\000i\000o\000d}{section.9}% 22
\BOOKMARK [2][-]{subsection.9.2}{\376\377\000I\000m\000p\000a\000c\000t\000\040\000o\000f\000\040\000S\000e\000c\000u\000r\000i\000t\000y\000\040\000M\000i\000t\000i\000g\000a\000t\000i\000o\000n\000s}{section.9}% 23
\BOOKMARK [2][-]{subsection.9.3}{\376\377\000R\000e\000c\000o\000m\000m\000e\000n\000d\000a\000t\000i\000o\000n\000s}{section.9}% 24
\BOOKMARK [1][-]{section.10}{\376\377\000C\000o\000n\000c\000l\000u\000s\000i\000o\000n}{}% 25
\BOOKMARK [1][-]{appendix.A}{\376\377\000R\000a\000w\000\040\000C\000o\000n\000t\000e\000x\000t\000\040\000S\000w\000i\000t\000c\000h\000\040\000D\000a\000t\000a}{}% 26
\BOOKMARK [1][-]{appendix.B}{\376\377\000M\000e\000m\000o\000r\000y\000\040\000L\000a\000t\000e\000n\000c\000y\000\040\000P\000r\000o\000f\000i\000l\000e\000\040\000D\000a\000t\000a}{}% 27
\BOOKMARK [1][-]{appendix.C}{\376\377\000B\000e\000n\000c\000h\000m\000a\000r\000k\000\040\000S\000c\000r\000i\000p\000t\000s}{}% 28
\BOOKMARK [1][-]{appendix.D}{\376\377\000S\000y\000s\000t\000e\000m\000\040\000I\000n\000f\000o\000r\000m\000a\000t\000i\000o\000n}{}% 29
